<?xml version="1.0" encoding="UTF-8"?>
<testng-results skipped="0" failed="0" ignored="0" total="5" passed="5">
  <reporter-output>
  </reporter-output>
  <suite name="All Test Suite" duration-ms="11244" started-at="2023-05-03T09:12:58 EET" finished-at="2023-05-03T09:13:09 EET">
    <groups>
    </groups>
    <test name="Main Test" duration-ms="11244" started-at="2023-05-03T09:12:58 EET" finished-at="2023-05-03T09:13:09 EET">
      <class name="Campus.CountryTest">
        <test-method status="PASS" signature="Setup()[pri:0, instance:Campus.CountryTest@2a742aa2]" name="Setup" is-config="true" duration-ms="5594" started-at="2023-05-03T09:12:58 EET" finished-at="2023-05-03T09:13:04 EET">
          <reporter-output>
          </reporter-output>
        </test-method> <!-- Setup -->
        <test-method status="PASS" signature="createCountry()[pri:0, instance:Campus.CountryTest@2a742aa2]" name="createCountry" duration-ms="3745" started-at="2023-05-03T09:13:04 EET" finished-at="2023-05-03T09:13:08 EET">
          <reporter-output>
          </reporter-output>
        </test-method> <!-- createCountry -->
        <test-method status="PASS" signature="createCountryNegative()[pri:0, instance:Campus.CountryTest@2a742aa2]" name="createCountryNegative" duration-ms="554" started-at="2023-05-03T09:13:08 EET" depends-on-methods="Campus.CountryTest.createCountry" finished-at="2023-05-03T09:13:08 EET">
          <reporter-output>
          </reporter-output>
        </test-method> <!-- createCountryNegative -->
        <test-method status="PASS" signature="updateCountry()[pri:0, instance:Campus.CountryTest@2a742aa2]" name="updateCountry" duration-ms="465" started-at="2023-05-03T09:13:08 EET" depends-on-methods="Campus.CountryTest.createCountryNegative" finished-at="2023-05-03T09:13:09 EET">
          <reporter-output>
          </reporter-output>
        </test-method> <!-- updateCountry -->
        <test-method status="PASS" signature="deleteCountry()[pri:0, instance:Campus.CountryTest@2a742aa2]" name="deleteCountry" duration-ms="409" started-at="2023-05-03T09:13:09 EET" depends-on-methods="Campus.CountryTest.updateCountry" finished-at="2023-05-03T09:13:09 EET">
          <reporter-output>
          </reporter-output>
        </test-method> <!-- deleteCountry -->
        <test-method status="PASS" signature="deleteCountryNefative()[pri:0, instance:Campus.CountryTest@2a742aa2]" name="deleteCountryNefative" duration-ms="347" started-at="2023-05-03T09:13:09 EET" depends-on-methods="Campus.CountryTest.deleteCountry" finished-at="2023-05-03T09:13:09 EET">
          <reporter-output>
          </reporter-output>
        </test-method> <!-- deleteCountryNefative -->
      </class> <!-- Campus.CountryTest -->
    </test> <!-- Main Test -->
  </suite> <!-- All Test Suite -->
</testng-results>
