<?xml version="1.0" encoding="UTF-8" ?>
<testsuite tests="26" failures="3" name="TestSuite" time="17.291" errors="0" skipped="5">
  <properties>
[...]
</properties>
  <testcase classname="Campus.CountryTest" name="Login" time="4.21">
    <failure message="1 expectation failed.
Expected status code &lt;200&gt; but was &lt;400&gt;.
" type="java.lang.AssertionError">java.lang.AssertionError: 1 expectation failed.
Expected status code &lt;200&gt; but was &lt;400&gt;.

	at sun.reflect.NativeConstructorAccessorImpl.newInstance0(Native Method)
	at sun.reflect.NativeConstructorAccessorImpl.newInstance(NativeConstructorAccessorImpl.java:62)
	at sun.reflect.DelegatingConstructorAccessorImpl.newInstance(DelegatingConstructorAccessorImpl.java:45)
	at java.lang.reflect.Constructor.newInstance(Constructor.java:423)
	at org.codehaus.groovy.reflection.CachedConstructor.invoke(CachedConstructor.java:73)
	at org.codehaus.groovy.reflection.CachedConstructor.doConstructorInvoke(CachedConstructor.java:60)
	at org.codehaus.groovy.runtime.callsite.ConstructorSite$ConstructorSiteNoUnwrap.callConstructor(ConstructorSite.java:86)
	at org.codehaus.groovy.runtime.callsite.CallSiteArray.defaultCallConstructor(CallSiteArray.java:58)
	at org.codehaus.groovy.runtime.callsite.AbstractCallSite.callConstructor(AbstractCallSite.java:263)
	at org.codehaus.groovy.runtime.callsite.AbstractCallSite.callConstructor(AbstractCallSite.java:277)
	at io.restassured.internal.ResponseSpecificationImpl$HamcrestAssertionClosure.validate(ResponseSpecificationImpl.groovy:512)
	at io.restassured.internal.ResponseSpecificationImpl$HamcrestAssertionClosure$validate$1.call(Unknown Source)
	at org.codehaus.groovy.runtime.callsite.CallSiteArray.defaultCall(CallSiteArray.java:46)
	at org.codehaus.groovy.runtime.callsite.AbstractCallSite.call(AbstractCallSite.java:125)
	at org.codehaus.groovy.runtime.callsite.AbstractCallSite.call(AbstractCallSite.java:139)
	at io.restassured.internal.ResponseSpecificationImpl.validateResponseIfRequired(ResponseSpecificationImpl.groovy:696)
	at io.restassured.internal.ResponseSpecificationImpl.this$2$validateResponseIfRequired(ResponseSpecificationImpl.groovy)
	at sun.reflect.NativeMethodAccessorImpl.invoke0(Native Method)
	at sun.reflect.NativeMethodAccessorImpl.invoke(NativeMethodAccessorImpl.java:62)
	at sun.reflect.DelegatingMethodAccessorImpl.invoke(DelegatingMethodAccessorImpl.java:43)
	at java.lang.reflect.Method.invoke(Method.java:498)
	at org.codehaus.groovy.runtime.callsite.PlainObjectMetaMethodSite.doInvoke(PlainObjectMetaMethodSite.java:43)
	at org.codehaus.groovy.runtime.callsite.PogoMetaMethodSite$PogoCachedMethodSiteNoUnwrapNoCoerce.invoke(PogoMetaMethodSite.java:198)
	at org.codehaus.groovy.runtime.callsite.PogoMetaMethodSite.callCurrent(PogoMetaMethodSite.java:62)
	at org.codehaus.groovy.runtime.callsite.CallSiteArray.defaultCallCurrent(CallSiteArray.java:50)
	at org.codehaus.groovy.runtime.callsite.AbstractCallSite.callCurrent(AbstractCallSite.java:171)
	at org.codehaus.groovy.runtime.callsite.AbstractCallSite.callCurrent(AbstractCallSite.java:185)
	at io.restassured.internal.ResponseSpecificationImpl.statusCode(ResponseSpecificationImpl.groovy:135)
	at io.restassured.specification.ResponseSpecification$statusCode$0.callCurrent(Unknown Source)
	at org.codehaus.groovy.runtime.callsite.CallSiteArray.defaultCallCurrent(CallSiteArray.java:50)
	at org.codehaus.groovy.runtime.callsite.AbstractCallSite.callCurrent(AbstractCallSite.java:171)
	at org.codehaus.groovy.runtime.callsite.AbstractCallSite.callCurrent(AbstractCallSite.java:185)
	at io.restassured.internal.ResponseSpecificationImpl.statusCode(ResponseSpecificationImpl.groovy:143)
	at io.restassured.internal.ValidatableResponseOptionsImpl.statusCode(ValidatableResponseOptionsImpl.java:89)
	at Campus.CountryTest.Login(CountryTest.java:35)
</failure>
    <system-out>Configuring TestNG with: org.apache.maven.surefire.testng.conf.TestNG652Configurator@7bfcd12c
HTTP/1.1 400 Bad Request
Content-Type: application/problem+json
Date: Mon, 01 May 2023 17:22:33 GMT
Server: nginx
Vary: Origin
Vary: Access-Control-Request-Method
Vary: Access-Control-Request-Headers
Transfer-Encoding: chunked

{
    &quot;type&quot;: &quot;https://support.mersys.io/cloud/problem/problem-with-message&quot;,
    &quot;title&quot;: &quot;Bad Request&quot;,
    &quot;status&quot;: 400,
    &quot;detail&quot;: &quot;Required request body is missing: public org.springframework.http.ResponseEntity&lt;org.springframework.security.oauth2.common.OAuth2AccessToken&gt; io.mersys.cloud.service.gateway.web.rest.AuthResource.authenticate(javax.servlet.http.HttpServletRequest,javax.servlet.http.HttpServletResponse,java.util.Map&lt;java.lang.String, java.lang.String&gt;)&quot;,
    &quot;path&quot;: &quot;/auth/login&quot;,
    &quot;message&quot;: &quot;error.http.400&quot;
}
</system-out>
  </testcase>
  <testcase classname="Campus.CountryTest" name="createCountry" time="0">
    <skipped/>
  </testcase>
  <testcase classname="Campus.CountryTest" name="createCountryNegative" time="0">
    <skipped/>
  </testcase>
  <testcase classname="Campus.CountryTest" name="updateCountry" time="0.008">
    <skipped/>
  </testcase>
  <testcase classname="Campus.CountryTest" name="deleteCountry" time="0">
    <skipped/>
  </testcase>
  <testcase classname="Campus.CountryTest" name="deleteCountryNefative" time="0">
    <skipped/>
  </testcase>
  <testcase classname="ZippoTest" name="bodyArrayHasSizeTest" time="1.344"/>
  <testcase classname="ZippoTest" name="checkCountryInResponseBodyt" time="0.319">
    <failure message="1 expectation failed.
JSON path country doesn&apos;t match.
Expected: ünited States
  Actual: United States
" type="java.lang.AssertionError">java.lang.AssertionError: 1 expectation failed.
JSON path country doesn&apos;t match.
Expected: ünited States
  Actual: United States

	at sun.reflect.NativeConstructorAccessorImpl.newInstance0(Native Method)
	at sun.reflect.NativeConstructorAccessorImpl.newInstance(NativeConstructorAccessorImpl.java:62)
	at sun.reflect.DelegatingConstructorAccessorImpl.newInstance(DelegatingConstructorAccessorImpl.java:45)
	at java.lang.reflect.Constructor.newInstance(Constructor.java:423)
	at org.codehaus.groovy.reflection.CachedConstructor.invoke(CachedConstructor.java:73)
	at org.codehaus.groovy.reflection.CachedConstructor.doConstructorInvoke(CachedConstructor.java:60)
	at org.codehaus.groovy.runtime.callsite.ConstructorSite$ConstructorSiteNoUnwrap.callConstructor(ConstructorSite.java:86)
	at org.codehaus.groovy.runtime.callsite.AbstractCallSite.callConstructor(AbstractCallSite.java:277)
	at io.restassured.internal.ResponseSpecificationImpl$HamcrestAssertionClosure.validate(ResponseSpecificationImpl.groovy:512)
	at io.restassured.internal.ResponseSpecificationImpl$HamcrestAssertionClosure$validate$1.call(Unknown Source)
	at io.restassured.internal.ResponseSpecificationImpl.validateResponseIfRequired(ResponseSpecificationImpl.groovy:696)
	at io.restassured.internal.ResponseSpecificationImpl.this$2$validateResponseIfRequired(ResponseSpecificationImpl.groovy)
	at sun.reflect.NativeMethodAccessorImpl.invoke0(Native Method)
	at sun.reflect.NativeMethodAccessorImpl.invoke(NativeMethodAccessorImpl.java:62)
	at sun.reflect.DelegatingMethodAccessorImpl.invoke(DelegatingMethodAccessorImpl.java:43)
	at java.lang.reflect.Method.invoke(Method.java:498)
	at org.codehaus.groovy.runtime.callsite.PlainObjectMetaMethodSite.doInvoke(PlainObjectMetaMethodSite.java:43)
	at org.codehaus.groovy.runtime.callsite.PogoMetaMethodSite$PogoCachedMethodSiteNoUnwrapNoCoerce.invoke(PogoMetaMethodSite.java:198)
	at org.codehaus.groovy.runtime.callsite.PogoMetaMethodSite.callCurrent(PogoMetaMethodSite.java:62)
	at org.codehaus.groovy.runtime.callsite.AbstractCallSite.callCurrent(AbstractCallSite.java:185)
	at io.restassured.internal.ResponseSpecificationImpl.body(ResponseSpecificationImpl.groovy:270)
	at io.restassured.specification.ResponseSpecification$body$1.callCurrent(Unknown Source)
	at org.codehaus.groovy.runtime.callsite.CallSiteArray.defaultCallCurrent(CallSiteArray.java:50)
	at io.restassured.specification.ResponseSpecification$body$1.callCurrent(Unknown Source)
	at io.restassured.internal.ResponseSpecificationImpl.body(ResponseSpecificationImpl.groovy:117)
	at io.restassured.internal.ValidatableResponseOptionsImpl.body(ValidatableResponseOptionsImpl.java:244)
	at ZippoTest.checkCountryInResponseBodyt(ZippoTest.java:76)
</failure>
    <system-out>{
    &quot;post code&quot;: &quot;90210&quot;,
    &quot;country&quot;: &quot;United States&quot;,
    &quot;country abbreviation&quot;: &quot;US&quot;,
    &quot;places&quot;: [
        {
            &quot;place name&quot;: &quot;Beverly Hills&quot;,
            &quot;longitude&quot;: &quot;-118.4065&quot;,
            &quot;state&quot;: &quot;California&quot;,
            &quot;state abbreviation&quot;: &quot;CA&quot;,
            &quot;latitude&quot;: &quot;34.0901&quot;
        }
    ]
}
</system-out>
  </testcase>
  <testcase classname="ZippoTest" name="checkHasItemy" time="0.349"/>
  <testcase classname="ZippoTest" name="checkstateInResponseBody" time="0.349"/>
  <testcase classname="ZippoTest" name="combiningTest" time="0.346"/>
  <testcase classname="ZippoTest" name="contentTypeTest" time="0.286"/>
  <testcase classname="ZippoTest" name="extracingJsonPathTest" time="0.346"/>
  <testcase classname="ZippoTest" name="extractPOJO_Soru" time="0.835"/>
  <testcase classname="ZippoTest" name="extractingJsonAll" time="0.34"/>
  <testcase classname="ZippoTest" name="extractingJsonPath2" time="0.324"/>
  <testcase classname="ZippoTest" name="extractingJsonPath3" time="0.827"/>
  <testcase classname="ZippoTest" name="extractingJsonPath4" time="0.431"/>
  <testcase classname="ZippoTest" name="extractingJsonPath5" time="0.435"/>
  <testcase classname="ZippoTest" name="extractingJsonPathResponsAll" time="0.709">
    <failure message="expected [true] but found [false]" type="java.lang.AssertionError">java.lang.AssertionError: expected [true] but found [false]
	at org.testng.Assert.fail(Assert.java:99)
	at org.testng.Assert.failNotEquals(Assert.java:1037)
	at org.testng.Assert.assertTrue(Assert.java:45)
	at org.testng.Assert.assertTrue(Assert.java:55)
	at ZippoTest.extractingJsonPathResponsAll(ZippoTest.java:355)
</failure>
    <system-out>{
    &quot;meta&quot;: {
        &quot;pagination&quot;: {
            &quot;total&quot;: 2888,
            &quot;pages&quot;: 289,
            &quot;page&quot;: 1,
            &quot;limit&quot;: 10,
            &quot;links&quot;: {
                &quot;previous&quot;: null,
                &quot;current&quot;: &quot;https://gorest.co.in/public/v1/users?page=1&quot;,
                &quot;next&quot;: &quot;https://gorest.co.in/public/v1/users?page=2&quot;
            }
        }
    },
    &quot;data&quot;: [
        {
            &quot;id&quot;: 1313009,
            &quot;name&quot;: &quot;Prof. Mukesh Tagore&quot;,
            &quot;email&quot;: &quot;tagore_prof_mukesh@effertz.test&quot;,
            &quot;gender&quot;: &quot;female&quot;,
            &quot;status&quot;: &quot;inactive&quot;
        },
        {
            &quot;id&quot;: 1313008,
            &quot;name&quot;: &quot;Rev. Ambar Patil&quot;,
            &quot;email&quot;: &quot;rev_patil_ambar@bartoletti.example&quot;,
            &quot;gender&quot;: &quot;male&quot;,
            &quot;status&quot;: &quot;inactive&quot;
        },
        {
            &quot;id&quot;: 1313006,
            &quot;name&quot;: &quot;Trilokanath Nehru&quot;,
            &quot;email&quot;: &quot;trilokanath_nehru@langosh.test&quot;,
            &quot;gender&quot;: &quot;female&quot;,
            &quot;status&quot;: &quot;active&quot;
        },
        {
            &quot;id&quot;: 1313005,
            &quot;name&quot;: &quot;Lal Acharya&quot;,
            &quot;email&quot;: &quot;lal_acharya@batz.example&quot;,
            &quot;gender&quot;: &quot;male&quot;,
            &quot;status&quot;: &quot;active&quot;
        },
        {
            &quot;id&quot;: 1313004,
            &quot;name&quot;: &quot;Ankal Butt&quot;,
            &quot;email&quot;: &quot;butt_ankal@nicolas-streich.test&quot;,
            &quot;gender&quot;: &quot;male&quot;,
            &quot;status&quot;: &quot;inactive&quot;
        },
        {
            &quot;id&quot;: 1313003,
            &quot;name&quot;: &quot;Dhanvin Verma DO&quot;,
            &quot;email&quot;: &quot;do_verma_dhanvin@schiller-kozey.test&quot;,
            &quot;gender&quot;: &quot;female&quot;,
            &quot;status&quot;: &quot;active&quot;
        },
        {
            &quot;id&quot;: 1313002,
            &quot;name&quot;: &quot;Mandaakin Jha&quot;,
            &quot;email&quot;: &quot;mandaakin_jha@heller.example&quot;,
            &quot;gender&quot;: &quot;male&quot;,
            &quot;status&quot;: &quot;inactive&quot;
        },
        {
            &quot;id&quot;: 1313001,
            &quot;name&quot;: &quot;Birjesh Ahuja&quot;,
            &quot;email&quot;: &quot;ahuja_birjesh@kiehn-moen.test&quot;,
            &quot;gender&quot;: &quot;female&quot;,
            &quot;status&quot;: &quot;active&quot;
        },
        {
            &quot;id&quot;: 1313000,
            &quot;name&quot;: &quot;Acaryatanaya Varrier Esq.&quot;,
            &quot;email&quot;: &quot;esq_acaryatanaya_varrier@oreilly.example&quot;,
            &quot;gender&quot;: &quot;female&quot;,
            &quot;status&quot;: &quot;inactive&quot;
        },
        {
            &quot;id&quot;: 1312999,
            &quot;name&quot;: &quot;Himadri Chattopadhyay IV&quot;,
            &quot;email&quot;: &quot;himadri_chattopadhyay_iv@breitenberg.test&quot;,
            &quot;gender&quot;: &quot;female&quot;,
            &quot;status&quot;: &quot;inactive&quot;
        }
    ]
}
idler = [1313009, 1313008, 1313006, 1313005, 1313004, 1313003, 1313002, 1313001, 1313000, 1312999]
names = [Prof. Mukesh Tagore, Rev. Ambar Patil, Trilokanath Nehru, Lal Acharya, Ankal Butt, Dhanvin Verma DO, Mandaakin Jha, Birjesh Ahuja, Acaryatanaya Varrier Esq., Himadri Chattopadhyay IV]
limit = 10
</system-out>
  </testcase>
  <testcase classname="ZippoTest" name="ilkTest" time="0.314"/>
  <testcase classname="ZippoTest" name="pathParamTest" time="0.3"/>
  <testcase classname="ZippoTest" name="queryParamTest" time="0.411"/>
  <testcase classname="ZippoTest" name="queryParamTest2" time="4.414"/>
  <testcase classname="ZippoTest" name="requestResponseSpecificationn" time="0.393"/>
  <testcase classname="ZippoTest" name="test" time="0.001"/>
</testsuite>